Node IP: 10.158.213.107
0: NO_TRAINING=0
4: NO_TRAINING=0
6: NO_TRAINING=0
3: NO_TRAINING=0
1: NO_TRAINING=0
2: NO_TRAINING=0
5: NO_TRAINING=0
7: NO_TRAINING=0
0: MASTER_ADDR=10.158.213.107
0: MASTER_PORT=36214
0: NNODES=8
0: NODE_RANK=0
0: experiment/8nodes_rank0_train_8B_mbs5_bs80_tp1_pp1_optim_sgd_iter8/nocompile0_TE_FP16_0/2024-09-04_21-29-00
0: Start tuning
4: MASTER_ADDR=10.158.213.107
4: MASTER_PORT=36214
4: NNODES=8
4: NODE_RANK=4
4: experiment/8nodes_rank4_train_8B_mbs5_bs80_tp1_pp1_optim_sgd_iter8/nocompile0_TE_FP16_0/2024-09-04_21-29-04
4: Start tuning
6: MASTER_ADDR=10.158.213.107
6: MASTER_PORT=36214
6: NNODES=8
6: NODE_RANK=6
6: experiment/8nodes_rank6_train_8B_mbs5_bs80_tp1_pp1_optim_sgd_iter8/nocompile0_TE_FP16_0/2024-09-04_21-29-04
6: Start tuning
3: MASTER_ADDR=10.158.213.107
3: MASTER_PORT=36214
3: NNODES=8
3: NODE_RANK=3
3: experiment/8nodes_rank3_train_8B_mbs5_bs80_tp1_pp1_optim_sgd_iter8/nocompile0_TE_FP16_0/2024-09-04_21-29-05
3: Start tuning
1: MASTER_ADDR=10.158.213.107
1: MASTER_PORT=36214
1: NNODES=8
1: NODE_RANK=1
1: experiment/8nodes_rank1_train_8B_mbs5_bs80_tp1_pp1_optim_sgd_iter8/nocompile0_TE_FP16_0/2024-09-04_21-29-06
1: Start tuning
2: MASTER_ADDR=10.158.213.107
2: MASTER_PORT=36214
2: NNODES=8
2: NODE_RANK=2
2: experiment/8nodes_rank2_train_8B_mbs5_bs80_tp1_pp1_optim_sgd_iter8/nocompile0_TE_FP16_0/2024-09-04_21-29-06
2: Start tuning
5: MASTER_ADDR=10.158.213.107
5: MASTER_PORT=36214
5: NNODES=8
5: NODE_RANK=5
5: experiment/8nodes_rank5_train_8B_mbs5_bs80_tp1_pp1_optim_sgd_iter8/nocompile0_TE_FP16_0/2024-09-04_21-29-06
5: Start tuning
7: MASTER_ADDR=10.158.213.107
7: MASTER_PORT=36214
7: NNODES=8
7: NODE_RANK=7
7: experiment/8nodes_rank7_train_8B_mbs5_bs80_tp1_pp1_optim_sgd_iter8/nocompile0_TE_FP16_0/2024-09-04_21-29-06
7: Start tuning
5: Tuning stopped
0: Tuning stopped
2: Tuning stopped
6: Tuning stopped
1: Tuning stopped
3: Tuning stopped
7: Tuning stopped
4: Tuning stopped
5: mv: cannot stat 'full_tuned*.csv': No such file or directory
0: mv: cannot stat 'full_tuned*.csv': No such file or directory
2: mv: cannot stat 'full_tuned*.csv': No such file or directory
6: mv: cannot stat 'full_tuned*.csv': No such file or directory
1: mv: cannot stat 'full_tuned*.csv': No such file or directory
3: mv: cannot stat 'full_tuned*.csv': No such file or directory
4: mv: cannot stat 'full_tuned*.csv': No such file or directory
7: mv: cannot stat 'full_tuned*.csv': No such file or directory
srun: error: useocpm2m-401-011: task 3: Exited with exit code 1
srun: error: useocpm2m-401-003: task 0: Exited with exit code 1
srun: error: useocpm2m-401-013: task 4: Exited with exit code 1
srun: error: useocpm2m-401-008: task 1: Exited with exit code 1
srun: error: useocpm2m-401-009: task 2: Exited with exit code 1
srun: error: useocpm2m-401-015: task 6: Exited with exit code 1
srun: error: useocpm2m-401-014: task 5: Exited with exit code 1
